<?xml version="1.0" encoding="UTF-8"?>
<!-- Generated by org.testng.reporters.JUnitXMLReporter -->
<testsuite ignored="0" hostname="SCRY" failures="0" tests="2" name="FlightBookingTest" time="30.845" errors="0" timestamp="2026-03-16T09:48:32 IST">
  <testcase classname="com.flightbooking.automation.tests.FlightBookingPositiveTest" name="bookFlightTest" time="8.473"/>
  <testcase classname="com.flightbooking.automation.tests.FlightBookingPositiveTest" name="bookFlightTest" time="7.345"/>
</testsuite> <!-- FlightBookingTest -->
