<?xml version="1.0" encoding="UTF-8"?>
<!-- Generated by org.testng.reporters.JUnitXMLReporter -->
<testsuite ignored="0" hostname="SCRY" failures="2" tests="2" name="FlightBookingNegativeTest" time="32.095" errors="0" timestamp="2026-03-16T09:48:33 IST">
  <testcase classname="com.flightbooking.automation.tests.FlightBookingNegativeTest" name="verifyBookingWithInvalidData" time="8.536">
    <failure type="java.lang.AssertionError" message="Booking succeeded with invalid input expected [false] but found [true]">
      <![CDATA[java.lang.AssertionError: Booking succeeded with invalid input expected [false] but found [true]
at com.flightbooking.automation.tests.FlightBookingNegativeTest.verifyBookingWithInvalidData(FlightBookingNegativeTest.java:64)
at java.base/java.util.ArrayList.forEach(ArrayList.java:1604)
at java.base/java.util.concurrent.FutureTask.run(FutureTask.java:328)
at java.base/java.util.concurrent.ThreadPoolExecutor.runWorker(ThreadPoolExecutor.java:1090)
at java.base/java.util.concurrent.ThreadPoolExecutor$Worker.run(ThreadPoolExecutor.java:614)
at java.base/java.lang.Thread.run(Thread.java:1474)
... Removed 18 stack frames]]>
    </failure>
  </testcase> <!-- verifyBookingWithInvalidData -->
  <testcase classname="com.flightbooking.automation.tests.FlightBookingNegativeTest" name="verifyBookingWithInvalidData" time="7.798">
    <failure type="java.lang.AssertionError" message="Booking succeeded with invalid input expected [false] but found [true]">
      <![CDATA[java.lang.AssertionError: Booking succeeded with invalid input expected [false] but found [true]
at com.flightbooking.automation.tests.FlightBookingNegativeTest.verifyBookingWithInvalidData(FlightBookingNegativeTest.java:64)
at java.base/java.util.ArrayList.forEach(ArrayList.java:1604)
at java.base/java.util.concurrent.FutureTask.run(FutureTask.java:328)
at java.base/java.util.concurrent.ThreadPoolExecutor.runWorker(ThreadPoolExecutor.java:1090)
at java.base/java.util.concurrent.ThreadPoolExecutor$Worker.run(ThreadPoolExecutor.java:614)
at java.base/java.lang.Thread.run(Thread.java:1474)
... Removed 18 stack frames]]>
    </failure>
  </testcase> <!-- verifyBookingWithInvalidData -->
</testsuite> <!-- FlightBookingNegativeTest -->
