<?xml version="1.0" encoding="UTF-8"?>
<testng-results ignored="0" total="4" passed="2" failed="2" skipped="0">
  <reporter-output>
  </reporter-output>
  <suite started-at="2026-03-16T09:48:01 IST" name="FlightBookingSuite" finished-at="2026-03-16T09:48:33 IST" duration-ms="32095">
    <groups>
    </groups>
    <test started-at="2026-03-16T09:48:01 IST" name="FlightBookingTest" finished-at="2026-03-16T09:48:32 IST" duration-ms="30845">
      <class name="com.flightbooking.automation.tests.FlightBookingPositiveTest">
        <test-method is-config="true" signature="setup()[pri:0, instance:com.flightbooking.automation.tests.FlightBookingPositiveTest@2a492f2a]" started-at="2026-03-16T09:48:03 IST" name="setup" finished-at="2026-03-16T09:48:10 IST" duration-ms="7132" status="PASS">
          <reporter-output>
          </reporter-output>
        </test-method> <!-- setup -->
        <test-method signature="bookFlightTest(java.lang.String,java.lang.String,java.lang.String,java.lang.String,java.lang.String,java.lang.String,java.lang.String,java.lang.String,java.lang.String,java.lang.String,java.lang.String)[pri:0, instance:com.flightbooking.automation.tests.FlightBookingPositiveTest@2a492f2a]" started-at="2026-03-16T09:48:10 IST" name="bookFlightTest" data-provider="excelData" finished-at="2026-03-16T09:48:18 IST" duration-ms="8473" status="PASS">
          <params>
            <param index="0">
              <value>
                <![CDATA[Boston]]>
              </value>
            </param>
            <param index="1">
              <value>
                <![CDATA[London]]>
              </value>
            </param>
            <param index="2">
              <value>
                <![CDATA[]]>
              </value>
            </param>
            <param index="3">
              <value>
                <![CDATA[]]>
              </value>
            </param>
            <param index="4">
              <value>
                <![CDATA[]]>
              </value>
            </param>
            <param index="5">
              <value>
                <![CDATA[]]>
              </value>
            </param>
            <param index="6">
              <value>
                <![CDATA[]]>
              </value>
            </param>
            <param index="7">
              <value>
                <![CDATA[1234567890123450]]>
              </value>
            </param>
            <param index="8">
              <value>
                <![CDATA[10]]>
              </value>
            </param>
            <param index="9">
              <value>
                <![CDATA[2028]]>
              </value>
            </param>
            <param index="10">
              <value>
                <![CDATA[Sachin Dhuriya]]>
              </value>
            </param>
          </params>
          <reporter-output>
          </reporter-output>
        </test-method> <!-- bookFlightTest -->
        <test-method is-config="true" signature="tearDown()[pri:0, instance:com.flightbooking.automation.tests.FlightBookingPositiveTest@2a492f2a]" started-at="2026-03-16T09:48:19 IST" name="tearDown" finished-at="2026-03-16T09:48:19 IST" duration-ms="796" status="PASS">
          <reporter-output>
          </reporter-output>
        </test-method> <!-- tearDown -->
        <test-method is-config="true" signature="setup()[pri:0, instance:com.flightbooking.automation.tests.FlightBookingPositiveTest@2a492f2a]" started-at="2026-03-16T09:48:19 IST" name="setup" finished-at="2026-03-16T09:48:24 IST" duration-ms="4474" status="PASS">
          <reporter-output>
          </reporter-output>
        </test-method> <!-- setup -->
        <test-method signature="bookFlightTest(java.lang.String,java.lang.String,java.lang.String,java.lang.String,java.lang.String,java.lang.String,java.lang.String,java.lang.String,java.lang.String,java.lang.String,java.lang.String)[pri:0, instance:com.flightbooking.automation.tests.FlightBookingPositiveTest@2a492f2a]" started-at="2026-03-16T09:48:24 IST" name="bookFlightTest" data-provider="excelData" finished-at="2026-03-16T09:48:31 IST" duration-ms="7345" status="PASS">
          <params>
            <param index="0">
              <value>
                <![CDATA[Paris]]>
              </value>
            </param>
            <param index="1">
              <value>
                <![CDATA[Rome]]>
              </value>
            </param>
            <param index="2">
              <value>
                <![CDATA[Amit]]>
              </value>
            </param>
            <param index="3">
              <value>
                <![CDATA[Indrapuri Sector-C]]>
              </value>
            </param>
            <param index="4">
              <value>
                <![CDATA[Bhopal]]>
              </value>
            </param>
            <param index="5">
              <value>
                <![CDATA[Madhya Pradesh]]>
              </value>
            </param>
            <param index="6">
              <value>
                <![CDATA[462021]]>
              </value>
            </param>
            <param index="7">
              <value>
                <![CDATA[9876543210123450]]>
              </value>
            </param>
            <param index="8">
              <value>
                <![CDATA[9]]>
              </value>
            </param>
            <param index="9">
              <value>
                <![CDATA[2029]]>
              </value>
            </param>
            <param index="10">
              <value>
                <![CDATA[Amit Kumar]]>
              </value>
            </param>
          </params>
          <reporter-output>
          </reporter-output>
        </test-method> <!-- bookFlightTest -->
        <test-method is-config="true" signature="tearDown()[pri:0, instance:com.flightbooking.automation.tests.FlightBookingPositiveTest@2a492f2a]" started-at="2026-03-16T09:48:31 IST" name="tearDown" finished-at="2026-03-16T09:48:32 IST" duration-ms="512" status="PASS">
          <reporter-output>
          </reporter-output>
        </test-method> <!-- tearDown -->
      </class> <!-- com.flightbooking.automation.tests.FlightBookingPositiveTest -->
    </test> <!-- FlightBookingTest -->
    <test started-at="2026-03-16T09:48:01 IST" name="FlightBookingNegativeTest" finished-at="2026-03-16T09:48:33 IST" duration-ms="32095">
      <class name="com.flightbooking.automation.tests.FlightBookingNegativeTest">
        <test-method is-config="true" signature="setup()[pri:0, instance:com.flightbooking.automation.tests.FlightBookingNegativeTest@241a53ef]" started-at="2026-03-16T09:48:03 IST" name="setup" finished-at="2026-03-16T09:48:10 IST" duration-ms="6944" status="PASS">
          <reporter-output>
          </reporter-output>
        </test-method> <!-- setup -->
        <test-method signature="verifyBookingWithInvalidData(java.lang.String,java.lang.String,java.lang.String,java.lang.String,java.lang.String,java.lang.String,java.lang.String,java.lang.String,java.lang.String,java.lang.String,java.lang.String)[pri:0, instance:com.flightbooking.automation.tests.FlightBookingNegativeTest@241a53ef]" started-at="2026-03-16T09:48:10 IST" name="verifyBookingWithInvalidData" data-provider="excelData" finished-at="2026-03-16T09:48:18 IST" duration-ms="8536" status="FAIL">
          <params>
            <param index="0">
              <value>
                <![CDATA[Boston]]>
              </value>
            </param>
            <param index="1">
              <value>
                <![CDATA[London]]>
              </value>
            </param>
            <param index="2">
              <value>
                <![CDATA[]]>
              </value>
            </param>
            <param index="3">
              <value>
                <![CDATA[]]>
              </value>
            </param>
            <param index="4">
              <value>
                <![CDATA[]]>
              </value>
            </param>
            <param index="5">
              <value>
                <![CDATA[]]>
              </value>
            </param>
            <param index="6">
              <value>
                <![CDATA[]]>
              </value>
            </param>
            <param index="7">
              <value>
                <![CDATA[1234567890123450]]>
              </value>
            </param>
            <param index="8">
              <value>
                <![CDATA[10]]>
              </value>
            </param>
            <param index="9">
              <value>
                <![CDATA[2028]]>
              </value>
            </param>
            <param index="10">
              <value>
                <![CDATA[Ansh Gupta]]>
              </value>
            </param>
          </params>
          <exception class="java.lang.AssertionError">
            <message>
              <![CDATA[Booking succeeded with invalid input expected [false] but found [true]]]>
            </message>
            <full-stacktrace>
              <![CDATA[java.lang.AssertionError: Booking succeeded with invalid input expected [false] but found [true]
at org.testng.Assert.fail(Assert.java:111)
at org.testng.Assert.failNotEquals(Assert.java:1590)
at org.testng.Assert.assertFalse(Assert.java:79)
at com.flightbooking.automation.tests.FlightBookingNegativeTest.verifyBookingWithInvalidData(FlightBookingNegativeTest.java:64)
at java.base/jdk.internal.reflect.DirectMethodHandleAccessor.invoke(DirectMethodHandleAccessor.java:104)
at java.base/java.lang.reflect.Method.invoke(Method.java:565)
at org.testng.internal.invokers.MethodInvocationHelper.invokeMethod(MethodInvocationHelper.java:141)
at org.testng.internal.invokers.TestInvoker.invokeMethod(TestInvoker.java:687)
at org.testng.internal.invokers.TestInvoker.invokeTestMethod(TestInvoker.java:230)
at org.testng.internal.invokers.MethodRunner.runInSequence(MethodRunner.java:63)
at org.testng.internal.invokers.TestInvoker$MethodInvocationAgent.invoke(TestInvoker.java:995)
at org.testng.internal.invokers.TestInvoker.invokeTestMethods(TestInvoker.java:203)
at org.testng.internal.invokers.TestMethodWorker.invokeTestMethods(TestMethodWorker.java:154)
at org.testng.internal.invokers.TestMethodWorker.run(TestMethodWorker.java:134)
at java.base/java.util.ArrayList.forEach(ArrayList.java:1604)
at org.testng.TestRunner.privateRun(TestRunner.java:741)
at org.testng.TestRunner.run(TestRunner.java:616)
at org.testng.SuiteRunner.runTest(SuiteRunner.java:421)
at org.testng.SuiteRunner$SuiteWorker.run(SuiteRunner.java:463)
at org.testng.internal.thread.ThreadUtil.lambda$execute$0(ThreadUtil.java:64)
at java.base/java.util.concurrent.FutureTask.run(FutureTask.java:328)
at java.base/java.util.concurrent.ThreadPoolExecutor.runWorker(ThreadPoolExecutor.java:1090)
at java.base/java.util.concurrent.ThreadPoolExecutor$Worker.run(ThreadPoolExecutor.java:614)
at java.base/java.lang.Thread.run(Thread.java:1474)
]]>
            </full-stacktrace>
          </exception> <!-- java.lang.AssertionError -->
          <reporter-output>
          </reporter-output>
        </test-method> <!-- verifyBookingWithInvalidData -->
        <test-method is-config="true" signature="tearDown()[pri:0, instance:com.flightbooking.automation.tests.FlightBookingNegativeTest@241a53ef]" started-at="2026-03-16T09:48:18 IST" name="tearDown" finished-at="2026-03-16T09:48:19 IST" duration-ms="861" status="PASS">
          <reporter-output>
          </reporter-output>
        </test-method> <!-- tearDown -->
        <test-method is-config="true" signature="setup()[pri:0, instance:com.flightbooking.automation.tests.FlightBookingNegativeTest@241a53ef]" started-at="2026-03-16T09:48:19 IST" name="setup" finished-at="2026-03-16T09:48:24 IST" duration-ms="4719" status="PASS">
          <reporter-output>
          </reporter-output>
        </test-method> <!-- setup -->
        <test-method signature="verifyBookingWithInvalidData(java.lang.String,java.lang.String,java.lang.String,java.lang.String,java.lang.String,java.lang.String,java.lang.String,java.lang.String,java.lang.String,java.lang.String,java.lang.String)[pri:0, instance:com.flightbooking.automation.tests.FlightBookingNegativeTest@241a53ef]" started-at="2026-03-16T09:48:24 IST" name="verifyBookingWithInvalidData" data-provider="excelData" finished-at="2026-03-16T09:48:32 IST" duration-ms="7798" status="FAIL">
          <params>
            <param index="0">
              <value>
                <![CDATA[Paris]]>
              </value>
            </param>
            <param index="1">
              <value>
                <![CDATA[Rome]]>
              </value>
            </param>
            <param index="2">
              <value>
                <![CDATA[Prithvi]]>
              </value>
            </param>
            <param index="3">
              <value>
                <![CDATA[Saket Nagar-9A]]>
              </value>
            </param>
            <param index="4">
              <value>
                <![CDATA[Bhopal]]>
              </value>
            </param>
            <param index="5">
              <value>
                <![CDATA[Madhya Pradesh]]>
              </value>
            </param>
            <param index="6">
              <value>
                <![CDATA[462025]]>
              </value>
            </param>
            <param index="7">
              <value>
                <![CDATA[]]>
              </value>
            </param>
            <param index="8">
              <value>
                <![CDATA[]]>
              </value>
            </param>
            <param index="9">
              <value>
                <![CDATA[]]>
              </value>
            </param>
            <param index="10">
              <value>
                <![CDATA[]]>
              </value>
            </param>
          </params>
          <exception class="java.lang.AssertionError">
            <message>
              <![CDATA[Booking succeeded with invalid input expected [false] but found [true]]]>
            </message>
            <full-stacktrace>
              <![CDATA[java.lang.AssertionError: Booking succeeded with invalid input expected [false] but found [true]
at org.testng.Assert.fail(Assert.java:111)
at org.testng.Assert.failNotEquals(Assert.java:1590)
at org.testng.Assert.assertFalse(Assert.java:79)
at com.flightbooking.automation.tests.FlightBookingNegativeTest.verifyBookingWithInvalidData(FlightBookingNegativeTest.java:64)
at java.base/jdk.internal.reflect.DirectMethodHandleAccessor.invoke(DirectMethodHandleAccessor.java:104)
at java.base/java.lang.reflect.Method.invoke(Method.java:565)
at org.testng.internal.invokers.MethodInvocationHelper.invokeMethod(MethodInvocationHelper.java:141)
at org.testng.internal.invokers.TestInvoker.invokeMethod(TestInvoker.java:687)
at org.testng.internal.invokers.TestInvoker.invokeTestMethod(TestInvoker.java:230)
at org.testng.internal.invokers.MethodRunner.runInSequence(MethodRunner.java:63)
at org.testng.internal.invokers.TestInvoker$MethodInvocationAgent.invoke(TestInvoker.java:995)
at org.testng.internal.invokers.TestInvoker.invokeTestMethods(TestInvoker.java:203)
at org.testng.internal.invokers.TestMethodWorker.invokeTestMethods(TestMethodWorker.java:154)
at org.testng.internal.invokers.TestMethodWorker.run(TestMethodWorker.java:134)
at java.base/java.util.ArrayList.forEach(ArrayList.java:1604)
at org.testng.TestRunner.privateRun(TestRunner.java:741)
at org.testng.TestRunner.run(TestRunner.java:616)
at org.testng.SuiteRunner.runTest(SuiteRunner.java:421)
at org.testng.SuiteRunner$SuiteWorker.run(SuiteRunner.java:463)
at org.testng.internal.thread.ThreadUtil.lambda$execute$0(ThreadUtil.java:64)
at java.base/java.util.concurrent.FutureTask.run(FutureTask.java:328)
at java.base/java.util.concurrent.ThreadPoolExecutor.runWorker(ThreadPoolExecutor.java:1090)
at java.base/java.util.concurrent.ThreadPoolExecutor$Worker.run(ThreadPoolExecutor.java:614)
at java.base/java.lang.Thread.run(Thread.java:1474)
]]>
            </full-stacktrace>
          </exception> <!-- java.lang.AssertionError -->
          <reporter-output>
          </reporter-output>
        </test-method> <!-- verifyBookingWithInvalidData -->
        <test-method is-config="true" signature="tearDown()[pri:0, instance:com.flightbooking.automation.tests.FlightBookingNegativeTest@241a53ef]" started-at="2026-03-16T09:48:32 IST" name="tearDown" finished-at="2026-03-16T09:48:33 IST" duration-ms="1076" status="PASS">
          <reporter-output>
          </reporter-output>
        </test-method> <!-- tearDown -->
      </class> <!-- com.flightbooking.automation.tests.FlightBookingNegativeTest -->
    </test> <!-- FlightBookingNegativeTest -->
  </suite> <!-- FlightBookingSuite -->
</testng-results>
