<?xml version="1.0" encoding="UTF-8"?>
<!-- Generated by org.testng.reporters.JUnitReportReporter -->
<testsuite hostname="SCRY" failures="0" tests="2" name="com.flightbooking.automation.tests.FlightBookingPositiveTest" time="28.732" errors="0" timestamp="2026-03-16T09:48:33 IST" skipped="0">
  <testcase classname="com.flightbooking.automation.tests.FlightBookingPositiveTest" name="bookFlightTest" time="16.401"/>
  <testcase classname="com.flightbooking.automation.tests.FlightBookingPositiveTest" name="bookFlightTest" time="12.331"/>
</testsuite> <!-- com.flightbooking.automation.tests.FlightBookingPositiveTest -->
