<?xml version="1.0" encoding="UTF-8"?>
<!-- Generated by org.testng.reporters.JUnitReportReporter -->
<testsuite hostname="SCRY" failures="0" tests="2" name="com.flightbooking.automation.tests.FlightBookingTest" time="67.223" errors="0" timestamp="2026-03-16T00:07:22 IST" skipped="0">
  <testcase classname="com.flightbooking.automation.tests.FlightBookingTest" name="bookFlightTest" time="48.639"/>
  <testcase classname="com.flightbooking.automation.tests.FlightBookingTest" name="bookFlightTest" time="18.584"/>
</testsuite> <!-- com.flightbooking.automation.tests.FlightBookingTest -->
